# JRE version: Java(TM) SE Runtime Environment (8.0_251-b08) (build 1.8.0_251-b08)
# Java VM: Java HotSpot(TM) 64-Bit Server VM (25.251-b08 mixed mode windows-amd64 compressed oops)
Heap:
 PSYoungGen      total 282624K, used 69026K [0x00000000d5d00000, 0x00000000e8400000, 0x0000000100000000)
  eden space 263168K, 18% used [0x00000000d5d00000,0x00000000d8d6bfc8,0x00000000e5e00000)
  from space 19456K, 99% used [0x00000000e5e00000,0x00000000e70fc868,0x00000000e7100000)
  to   space 19456K, 0% used [0x00000000e7100000,0x00000000e7100000,0x00000000e8400000)
 ParOldGen       total 83968K, used 41598K [0x0000000081600000, 0x0000000086800000, 0x00000000d5d00000)
  object space 83968K, 49% used [0x0000000081600000,0x0000000083e9f990,0x0000000086800000)
 Metaspace       used 29058K, capacity 29980K, committed 30080K, reserved 1075200K
  class space    used 3408K, capacity 3650K, committed 3712K, reserved 1048576K
GC Heap History (10 events):
Event: 4.988 GC heap before
{Heap before GC invocations=6 (full 0):
 PSYoungGen      total 71680K, used 71648K [0x00000000d5d00000, 0x00000000df700000, 0x0000000100000000)
  eden space 66560K, 100% used [0x00000000d5d00000,0x00000000d9e00000,0x00000000d9e00000)
  from space 5120K, 99% used [0x00000000d9e00000,0x00000000da2f8040,0x00000000da300000)
  to   space 12288K, 0% used [0x00000000deb00000,0x00000000deb00000,0x00000000df700000)
 ParOldGen       total 87552K, used 12787K [0x0000000081600000, 0x0000000086b80000, 0x00000000d5d00000)
  object space 87552K, 14% used [0x0000000081600000,0x000000008227cfe8,0x0000000086b80000)
 Metaspace       used 16369K, capacity 16764K, committed 16896K, reserved 1064960K
  class space    used 1922K, capacity 2019K, committed 2048K, reserved 1048576K
Event: 5.015 GC heap after
Heap after GC invocations=6 (full 0):
 PSYoungGen      total 143872K, used 11152K [0x00000000d5d00000, 0x00000000dfa00000, 0x0000000100000000)
  eden space 131584K, 0% used [0x00000000d5d00000,0x00000000d5d00000,0x00000000ddd80000)
  from space 12288K, 90% used [0x00000000deb00000,0x00000000df5e4030,0x00000000df700000)
  to   space 13824K, 0% used [0x00000000ddd80000,0x00000000ddd80000,0x00000000deb00000)
 ParOldGen       total 87552K, used 12787K [0x0000000081600000, 0x0000000086b80000, 0x00000000d5d00000)
  object space 87552K, 14% used [0x0000000081600000,0x000000008227cfe8,0x0000000086b80000)
 Metaspace       used 16369K, capacity 16764K, committed 16896K, reserved 1064960K
  class space    used 1922K, capacity 2019K, committed 2048K, reserved 1048576K
}
Event: 7.653 GC heap before
{Heap before GC invocations=7 (full 0):
 PSYoungGen      total 143872K, used 142736K [0x00000000d5d00000, 0x00000000dfa00000, 0x0000000100000000)
  eden space 131584K, 100% used [0x00000000d5d00000,0x00000000ddd80000,0x00000000ddd80000)
  from space 12288K, 90% used [0x00000000deb00000,0x00000000df5e4030,0x00000000df700000)
  to   space 13824K, 0% used [0x00000000ddd80000,0x00000000ddd80000,0x00000000deb00000)
 ParOldGen       total 87552K, used 12787K [0x0000000081600000, 0x0000000086b80000, 0x00000000d5d00000)
  object space 87552K, 14% used [0x0000000081600000,0x000000008227cfe8,0x0000000086b80000)
 Metaspace       used 17829K, capacity 18316K, committed 18688K, reserved 1064960K
  class space    used 2048K, capacity 2197K, committed 2304K, reserved 1048576K
Event: 7.696 GC heap after
Heap after GC invocations=7 (full 0):
 PSYoungGen      total 145408K, used 13808K [0x00000000d5d00000, 0x00000000e8400000, 0x0000000100000000)
  eden space 131584K, 0% used [0x00000000d5d00000,0x00000000d5d00000,0x00000000ddd80000)
  from space 13824K, 99% used [0x00000000ddd80000,0x00000000deafc010,0x00000000deb00000)
  to   space 19456K, 0% used [0x00000000e7100000,0x00000000e7100000,0x00000000e8400000)
 ParOldGen       total 87552K, used 19791K [0x0000000081600000, 0x0000000086b80000, 0x00000000d5d00000)
  object space 87552K, 22% used [0x0000000081600000,0x0000000082953ea8,0x0000000086b80000)
 Metaspace       used 17829K, capacity 18316K, committed 18688K, reserved 1064960K
  class space    used 2048K, capacity 2197K, committed 2304K, reserved 1048576K
}
Event: 7.968 GC heap before
{Heap before GC invocations=8 (full 0):
 PSYoungGen      total 145408K, used 29606K [0x00000000d5d00000, 0x00000000e8400000, 0x0000000100000000)
  eden space 131584K, 12% used [0x00000000d5d00000,0x00000000d6c6d8b0,0x00000000ddd80000)
  from space 13824K, 99% used [0x00000000ddd80000,0x00000000deafc010,0x00000000deb00000)
  to   space 19456K, 0% used [0x00000000e7100000,0x00000000e7100000,0x00000000e8400000)
 ParOldGen       total 87552K, used 19791K [0x0000000081600000, 0x0000000086b80000, 0x00000000d5d00000)
  object space 87552K, 22% used [0x0000000081600000,0x0000000082953ea8,0x0000000086b80000)
 Metaspace       used 20624K, capacity 21188K, committed 21248K, reserved 1069056K
  class space    used 2442K, capacity 2557K, committed 2560K, reserved 1048576K
Event: 7.989 GC heap after
Heap after GC invocations=8 (full 0):
 PSYoungGen      total 282624K, used 12387K [0x00000000d5d00000, 0x00000000e8400000, 0x0000000100000000)
  eden space 263168K, 0% used [0x00000000d5d00000,0x00000000d5d00000,0x00000000e5e00000)
  from space 19456K, 63% used [0x00000000e7100000,0x00000000e7d18eb8,0x00000000e8400000)
  to   space 19456K, 0% used [0x00000000e5e00000,0x00000000e5e00000,0x00000000e7100000)
 ParOldGen       total 87552K, used 22488K [0x0000000081600000, 0x0000000086b80000, 0x00000000d5d00000)
  object space 87552K, 25% used [0x0000000081600000,0x0000000082bf6090,0x0000000086b80000)
 Metaspace       used 20624K, capacity 21188K, committed 21248K, reserved 1069056K
  class space    used 2442K, capacity 2557K, committed 2560K, reserved 1048576K
}
Event: 7.989 GC heap before
{Heap before GC invocations=9 (full 1):
 PSYoungGen      total 282624K, used 12387K [0x00000000d5d00000, 0x00000000e8400000, 0x0000000100000000)
  eden space 263168K, 0% used [0x00000000d5d00000,0x00000000d5d00000,0x00000000e5e00000)
  from space 19456K, 63% used [0x00000000e7100000,0x00000000e7d18eb8,0x00000000e8400000)
  to   space 19456K, 0% used [0x00000000e5e00000,0x00000000e5e00000,0x00000000e7100000)
 ParOldGen       total 87552K, used 22488K [0x0000000081600000, 0x0000000086b80000, 0x00000000d5d00000)
  object space 87552K, 25% used [0x0000000081600000,0x0000000082bf6090,0x0000000086b80000)
 Metaspace       used 20624K, capacity 21188K, committed 21248K, reserved 1069056K
  class space    used 2442K, capacity 2557K, committed 2560K, reserved 1048576K
Event: 8.187 GC heap after
Heap after GC invocations=9 (full 1):
 PSYoungGen      total 282624K, used 0K [0x00000000d5d00000, 0x00000000e8400000, 0x0000000100000000)
  eden space 263168K, 0% used [0x00000000d5d00000,0x00000000d5d00000,0x00000000e5e00000)
  from space 19456K, 0% used [0x00000000e7100000,0x00000000e7100000,0x00000000e8400000)
  to   space 19456K, 0% used [0x00000000e5e00000,0x00000000e5e00000,0x00000000e7100000)
 ParOldGen       total 83968K, used 28345K [0x0000000081600000, 0x0000000086800000, 0x00000000d5d00000)
  object space 83968K, 33% used [0x0000000081600000,0x00000000831ae740,0x0000000086800000)
 Metaspace       used 20624K, capacity 21188K, committed 21248K, reserved 1069056K
  class space    used 2442K, capacity 2557K, committed 2560K, reserved 1048576K
}
Event: 17.536 GC heap before
{Heap before GC invocations=10 (full 1):
 PSYoungGen      total 282624K, used 263168K [0x00000000d5d00000, 0x00000000e8400000, 0x0000000100000000)
  eden space 263168K, 100% used [0x00000000d5d00000,0x00000000e5e00000,0x00000000e5e00000)
  from space 19456K, 0% used [0x00000000e7100000,0x00000000e7100000,0x00000000e8400000)
  to   space 19456K, 0% used [0x00000000e5e00000,0x00000000e5e00000,0x00000000e7100000)
 ParOldGen       total 83968K, used 28345K [0x0000000081600000, 0x0000000086800000, 0x00000000d5d00000)
  object space 83968K, 33% used [0x0000000081600000,0x00000000831ae740,0x0000000086800000)
 Metaspace       used 26977K, capacity 27752K, committed 28032K, reserved 1073152K
  class space    used 3140K, capacity 3341K, committed 3456K, reserved 1048576K
Event: 17.595 GC heap after
Heap after GC invocations=10 (full 1):
 PSYoungGen      total 282624K, used 19442K [0x00000000d5d00000, 0x00000000e8400000, 0x0000000100000000)
  eden space 263168K, 0% used [0x00000000d5d00000,0x00000000d5d00000,0x00000000e5e00000)
  from space 19456K, 99% used [0x00000000e5e00000,0x00000000e70fc868,0x00000000e7100000)
  to   space 19456K, 0% used [0x00000000e7100000,0x00000000e7100000,0x00000000e8400000)
 ParOldGen       total 83968K, used 41598K [0x0000000081600000, 0x0000000086800000, 0x00000000d5d00000)
  object space 83968K, 49% used [0x0000000081600000,0x0000000083e9f990,0x0000000086800000)
 Metaspace       used 26977K, capacity 27752K, committed 28032K, reserved 1073152K
  class space    used 3140K, capacity 3341K, committed 3456K, reserved 1048576K
}

